LOG:  database system was shut down at 2018-05-16 18:25:26 -03
LOG:  MultiXact member wraparound protections are now enabled
LOG:  autovacuum launcher started
LOG:  database system is ready to accept connections
ERROR:  relation "entrega" already exists
STATEMENT:  CREATE TABLE Entrega (codigo_rastreio VARCHAR(36) PRIMARY KEY, id_produto VARCHAR(255), tipo_entrega VARCHAR(20), valor INT, cep_origem VARCHAR(9), cep_destino VARCHAR(9), peso INT, tipo_pacote VARCHAR(10), altura INT, largura INT, comprimento INT, api_key VARCHAR(36));
ERROR:  current transaction is aborted, commands ignored until end of transaction block
STATEMENT:  INSERT INTO Entrega VALUES('415ceb70-4a5e-11e8-a52b-37e07bdcba6d','62345','PAC',1600,'13330-000','13330-000',1000,'Caixa',10,10,10,'17b8e5f4-5fb6-593c-bf02-cdf57eab0c69');
ERROR:  current transaction is aborted, commands ignored until end of transaction block
STATEMENT:  CREATE TABLE Historico (id SERIAL PRIMARY KEY, codigo_rastreio VARCHAR(36), endereco VARCHAR(50), data DATE, mensagem VARCHAR(100), api_key VARCHAR(36));
ERROR:  current transaction is aborted, commands ignored until end of transaction block
STATEMENT:  INSERT INTO Historico VALUES(DEFAULT,'415ceb70-4a5e-11e8-a52b-37e07bdcba6d','CDC Indaiatuba','2011-10-05T18:05:00.000Z','Aguardando Processamento','17b8e5f4-5fb6-593c-bf02-cdf57eab0c69');
ERROR:  current transaction is aborted, commands ignored until end of transaction block
STATEMENT:  INSERT INTO Historico VALUES(DEFAULT,'415ceb70-4a5e-11e8-a52b-37e07bdcba6d','CDC Indaiatuba','2011-10-05T18:05:00.000Z','Recolhimento do Produto','17b8e5f4-5fb6-593c-bf02-cdf57eab0c69');
ERROR:  current transaction is aborted, commands ignored until end of transaction block
STATEMENT:  INSERT INTO Historico VALUES(DEFAULT,'415ceb70-4a5e-11e8-a52b-37e07bdcba6d','CDC Indaiatuba','2011-10-05T18:10:00.000Z','Em Transito','17b8e5f4-5fb6-593c-bf02-cdf57eab0c69');
ERROR:  current transaction is aborted, commands ignored until end of transaction block
STATEMENT:  INSERT INTO Historico VALUES(DEFAULT,'415ceb70-4a5e-11e8-a52b-37e07bdcba6d','CDC Indaiatuba','2011-10-05T19:05:00.000Z','Saiu para Entrega','17b8e5f4-5fb6-593c-bf02-cdf57eab0c69');
ERROR:  current transaction is aborted, commands ignored until end of transaction block
STATEMENT:  INSERT INTO Historico VALUES(DEFAULT,'415ceb70-4a5e-11e8-a52b-37e07bdcba6d','CDC Indaiatuba','2011-10-05T20:05:00.000Z','Entregue','17b8e5f4-5fb6-593c-bf02-cdf57eab0c69');
ERROR:  current transaction is aborted, commands ignored until end of transaction block
STATEMENT:  CREATE TABLE Distancia (uf_origem VARCHAR(2), uf_destino VARCHAR(2), distancia int, PRIMARY KEY(uf_origem, uf_destino));
ERROR:  current transaction is aborted, commands ignored until end of transaction block
STATEMENT:  INSERT INTO Distancia VALUES('SE','SE',0);
ERROR:  current transaction is aborted, commands ignored until end of transaction block
STATEMENT:  INSERT INTO Distancia VALUES('PA','SE',1641);
ERROR:  current transaction is aborted, commands ignored until end of transaction block
STATEMENT:  INSERT INTO Distancia VALUES('MG','SE',1248);
ERROR:  current transaction is aborted, commands ignored until end of transaction block
STATEMENT:  INSERT INTO Distancia VALUES('RR','SE',3022);
ERROR:  current transaction is aborted, commands ignored until end of transaction block
STATEMENT:  INSERT INTO Distancia VALUES('DF','SE',1292);
ERROR:  current transaction is aborted, commands ignored until end of transaction block
STATEMENT:  INSERT INTO Distancia VALUES('MS','SE',2155);
ERROR:  current transaction is aborted, commands ignored until end of transaction block
STATEMENT:  INSERT INTO Distancia VALUES('MT','SE',2121);
ERROR:  current transaction is aborted, commands ignored until end of transaction block
STATEMENT:  INSERT INTO Distancia VALUES('PR','SE',2061);
ERROR:  current transaction is aborted, commands ignored until end of transaction block
STATEMENT:  INSERT INTO Distancia VALUES('SC','SE',2207);
ERROR:  current transaction is aborted, commands ignored until end of transaction block
STATEMENT:  INSERT INTO Distancia VALUES('CE','SE',815);
ERROR:  current transaction is aborted, commands ignored until end of transaction block
STATEMENT:  INSERT INTO Distancia VALUES('GO','SE',1461);
ERROR:  current transaction is aborted, commands ignored until end of transaction block
STATEMENT:  INSERT INTO Distancia VALUES('PB','SE',486);
ERROR:  current transaction is aborted, commands ignored until end of transaction block
STATEMENT:  INSERT INTO Distancia VALUES('AP','SE',1967);
ERROR:  current transaction is aborted, commands ignored until end of transaction block
STATEMENT:  INSERT INTO Distancia VALUES('AL','SE',201);
ERROR:  current transaction is aborted, commands ignored until end of transaction block
STATEMENT:  INSERT INTO Distancia VALUES('AM','SE',2673);
ERROR:  current transaction is aborted, commands ignored until end of transaction block
STATEMENT:  INSERT INTO Distancia VALUES('RN','SE',604);
ERROR:  current transaction is aborted, commands ignored until end of transaction block
STATEMENT:  INSERT INTO Distancia VALUES('TO','SE',1235);
ERROR:  current transaction is aborted, commands ignored until end of transaction block
STATEMENT:  INSERT INTO Distancia VALUES('RS','SE',258);
ERROR:  current transaction is aborted, commands ignored until end of transaction block
STATEMENT:  INSERT INTO Distancia VALUES('RO','SE',2946);
ERROR:  current transaction is aborted, commands ignored until end of transaction block
STATEMENT:  INSERT INTO Distancia VALUES('PE','SE',398);
ERROR:  current transaction is aborted, commands ignored until end of transaction block
STATEMENT:  INSERT INTO Distancia VALUES('AC','SE',3359);
ERROR:  current transaction is aborted, commands ignored until end of transaction block
STATEMENT:  INSERT INTO Distancia VALUES('RJ','SE',1482);
ERROR:  current transaction is aborted, commands ignored until end of transaction block
STATEMENT:  INSERT INTO Distancia VALUES('BA','SE',277);
ERROR:  current transaction is aborted, commands ignored until end of transaction block
STATEMENT:  INSERT INTO Distancia VALUES('MA','SE',1226);
ERROR:  current transaction is aborted, commands ignored until end of transaction block
STATEMENT:  INSERT INTO Distancia VALUES('SP','SE',1731);
ERROR:  current transaction is aborted, commands ignored until end of transaction block
STATEMENT:  INSERT INTO Distancia VALUES('PI','SE',903);
ERROR:  current transaction is aborted, commands ignored until end of transaction block
STATEMENT:  INSERT INTO Distancia VALUES('ES','SE',1102);
ERROR:  current transaction is aborted, commands ignored until end of transaction block
STATEMENT:  INSERT INTO Distancia VALUES('PA','PA',0);
ERROR:  current transaction is aborted, commands ignored until end of transaction block
STATEMENT:  INSERT INTO Distancia VALUES('MG','PA',2111);
ERROR:  current transaction is aborted, commands ignored until end of transaction block
STATEMENT:  INSERT INTO Distancia VALUES('RR','PA',1432);
ERROR:  current transaction is aborted, commands ignored until end of transaction block
STATEMENT:  INSERT INTO Distancia VALUES('DF','PA',1592);
ERROR:  current transaction is aborted, commands ignored until end of transaction block
STATEMENT:  INSERT INTO Distancia VALUES('MS','PA',2212);
ERROR:  current transaction is aborted, commands ignored until end of transaction block
STATEMENT:  INSERT INTO Distancia VALUES('MT','PA',1778);
ERROR:  current transaction is aborted, commands ignored until end of transaction block
STATEMENT:  INSERT INTO Distancia VALUES('PR','PA',2665);
ERROR:  current transaction is aborted, commands ignored until end of transaction block
STATEMENT:  INSERT INTO Distancia VALUES('SC','PA',2904);
ERROR:  current transaction is aborted, commands ignored until end of transaction block
STATEMENT:  INSERT INTO Distancia VALUES('CE','PA',1133);
ERROR:  current transaction is aborted, commands ignored until end of transaction block
STATEMENT:  INSERT INTO Distancia VALUES('GO','PA',1693);
ERROR:  current transaction is aborted, commands ignored until end of transaction block
STATEMENT:  INSERT INTO Distancia VALUES('PB','PA',1636);
ERROR:  current transaction is aborted, commands ignored until end of transaction block
STATEMENT:  INSERT INTO Distancia VALUES('AP','PA',329);
ERROR:  current transaction is aborted, commands ignored until end of transaction block
STATEMENT:  INSERT INTO Distancia VALUES('AL','PA',168);
ERROR:  current transaction is aborted, commands ignored until end of transaction block
STATEMENT:  INSERT INTO Distancia VALUES('AM','PA',1292);
ERROR:  current transaction is aborted, commands ignored until end of transaction block
STATEMENT:  INSERT INTO Distancia VALUES('RN','PA',155);
ERROR:  current transaction is aborted, commands ignored until end of transaction block
STATEMENT:  INSERT INTO Distancia VALUES('TO','PA',973);
ERROR:  current transaction is aborted, commands ignored until end of transaction block
STATEMENT:  INSERT INTO Distancia VALUES('RS','PA',3188);
ERROR:  current transaction is aborted, commands ignored until end of transaction block
STATEMENT:  INSERT INTO Distancia VALUES('RO','PA',1886);
ERROR:  current transaction is aborted, commands ignored until end of transaction block
STATEMENT:  INSERT INTO Distancia VALUES('PE','PA',1676);
ERROR:  current transaction is aborted, commands ignored until end of transaction block
STATEMENT:  INSERT INTO Distancia VALUES('AC','PA',2333);
ERROR:  current transaction is aborted, commands ignored until end of transaction block
STATEMENT:  INSERT INTO Distancia VALUES('RJ','PA',245);
ERROR:  current transaction is aborted, commands ignored until end of transaction block
STATEMENT:  INSERT INTO Distancia VALUES('BA','PA',1687);
ERROR:  current transaction is aborted, commands ignored until end of transaction block
STATEMENT:  INSERT INTO Distancia VALUES('MA','PA',481);
ERROR:  current transaction is aborted, commands ignored until end of transaction block
STATEMENT:  INSERT INTO Distancia VALUES('SP','PA',2463);
ERROR:  current transaction is aborted, commands ignored until end of transaction block
STATEMENT:  INSERT INTO Distancia VALUES('PI','PA',750);
ERROR:  current transaction is aborted, commands ignored until end of transaction block
STATEMENT:  INSERT INTO Distancia VALUES('ES','PA',2275);
ERROR:  current transaction is aborted, commands ignored until end of transaction block
STATEMENT:  INSERT INTO Distancia VALUES('MG','MG',0);
ERROR:  current transaction is aborted, commands ignored until end of transaction block
STATEMENT:  INSERT INTO Distancia VALUES('RR','MG',3117);
ERROR:  current transaction is aborted, commands ignored until end of transaction block
STATEMENT:  INSERT INTO Distancia VALUES('DF','MG',624);
ERROR:  current transaction is aborted, commands ignored until end of transaction block
STATEMENT:  INSERT INTO Distancia VALUES('MS','MG',1118);
ERROR:  current transaction is aborted, commands ignored until end of transaction block
STATEMENT:  INSERT INTO Distancia VALUES('MT','MG',1372);
ERROR:  current transaction is aborted, commands ignored until end of transaction block
STATEMENT:  INSERT INTO Distancia VALUES('PR','MG',820);
ERROR:  current transaction is aborted, commands ignored until end of transaction block
STATEMENT:  INSERT INTO Distancia VALUES('SC','MG',973);
ERROR:  current transaction is aborted, commands ignored until end of transaction block
STATEMENT:  INSERT INTO Distancia VALUES('CE','MG',1893);
ERROR:  current transaction is aborted, commands ignored until end of transaction block
STATEMENT:  INSERT INTO Distancia VALUES('GO','MG',666);
ERROR:  current transaction is aborted, commands ignored until end of transaction block
STATEMENT:  INSERT INTO Distancia VALUES('PB','MG',1726);
ERROR:  current transaction is aborted, commands ignored until end of transaction block
STATEMENT:  INSERT INTO Distancia VALUES('AP','MG',2349);
ERROR:  current transaction is aborted, commands ignored until end of transaction block
STATEMENT:  INSERT INTO Distancia VALUES('AL','MG',1439);
ERROR:  current transaction is aborted, commands ignored until end of transaction block
STATEMENT:  INSERT INTO Distancia VALUES('AM','MG',2556);
ERROR:  current transaction is aborted, commands ignored until end of transaction block
STATEMENT:  INSERT INTO Distancia VALUES('RN','MG',1831);
ERROR:  current transaction is aborted, commands ignored until end of transaction block
STATEMENT:  INSERT INTO Distancia VALUES('TO','MG',1178);
ERROR:  current transaction is aborted, commands ignored until end of transaction block
STATEMENT:  INSERT INTO Distancia VALUES('RS','MG',1341);
ERROR:  current transaction is aborted, commands ignored until end of transaction block
STATEMENT:  INSERT INTO Distancia VALUES('RO','MG',2477);
ERROR:  current transaction is aborted, commands ignored until end of transaction block
STATEMENT:  INSERT INTO Distancia VALUES('PE','MG',1639);
ERROR:  current transaction is aborted, commands ignored until end of transaction block
STATEMENT:  INSERT INTO Distancia VALUES('AC','MG',2786);
ERROR:  current transaction is aborted, commands ignored until end of transaction block
STATEMENT:  INSERT INTO Distancia VALUES('RJ','MG',339);
ERROR:  current transaction is aborted, commands ignored until end of transaction block
STATEMENT:  INSERT INTO Distancia VALUES('BA','MG',964);
ERROR:  current transaction is aborted, commands ignored until end of transaction block
STATEMENT:  INSERT INTO Distancia VALUES('MA','MG',1932);
ERROR:  current transaction is aborted, commands ignored until end of transaction block
STATEMENT:  INSERT INTO Distancia VALUES('SP','MG',489);
ERROR:  current transaction is aborted, commands ignored until end of transaction block
STATEMENT:  INSERT INTO Distancia VALUES('PI','MG',1652);
ERROR:  current transaction is aborted, commands ignored until end of transaction block
STATEMENT:  INSERT INTO Distancia VALUES('ES','MG',378);
ERROR:  current transaction is aborted, commands ignored until end of transaction block
STATEMENT:  INSERT INTO Distancia VALUES('RR','RR',0);
ERROR:  current transaction is aborted, commands ignored until end of transaction block
STATEMENT:  INSERT INTO Distancia VALUES('DF','RR',2496);
ERROR:  current transaction is aborted, commands ignored until end of transaction block
STATEMENT:  INSERT INTO Distancia VALUES('MS','RR',2667);
ERROR:  current transaction is aborted, commands ignored until end of transaction block
STATEMENT:  INSERT INTO Distancia VALUES('MT','RR',2107);
ERROR:  current transaction is aborted, commands ignored until end of transaction block
STATEMENT:  INSERT INTO Distancia VALUES('PR','RR',337);
ERROR:  current transaction is aborted, commands ignored until end of transaction block
STATEMENT:  INSERT INTO Distancia VALUES('SC','RR',362);
ERROR:  current transaction is aborted, commands ignored until end of transaction block
STATEMENT:  INSERT INTO Distancia VALUES('CE','RR',2562);
ERROR:  current transaction is aborted, commands ignored until end of transaction block
STATEMENT:  INSERT INTO Distancia VALUES('GO','RR',2503);
ERROR:  current transaction is aborted, commands ignored until end of transaction block
STATEMENT:  INSERT INTO Distancia VALUES('PB','RR',3067);
ERROR:  current transaction is aborted, commands ignored until end of transaction block
STATEMENT:  INSERT INTO Distancia VALUES('AP','RR',111);
ERROR:  current transaction is aborted, commands ignored until end of transaction block
STATEMENT:  INSERT INTO Distancia VALUES('AL','RR',3089);
ERROR:  current transaction is aborted, commands ignored until end of transaction block
STATEMENT:  INSERT INTO Distancia VALUES('AM','RR',661);
ERROR:  current transaction is aborted, commands ignored until end of transaction block
STATEMENT:  INSERT INTO Distancia VALUES('RN','RR',2983);
ERROR:  current transaction is aborted, commands ignored until end of transaction block
STATEMENT:  INSERT INTO Distancia VALUES('TO','RR',1988);
ERROR:  current transaction is aborted, commands ignored until end of transaction block
STATEMENT:  INSERT INTO Distancia VALUES('RS','RR',3785);
ERROR:  current transaction is aborted, commands ignored until end of transaction block
STATEMENT:  INSERT INTO Distancia VALUES('RO','RR',1335);
ERROR:  current transaction is aborted, commands ignored until end of transaction block
STATEMENT:  INSERT INTO Distancia VALUES('PE','RR',3103);
ERROR:  current transaction is aborted, commands ignored until end of transaction block
STATEMENT:  INSERT INTO Distancia VALUES('AC','RR',1626);
ERROR:  current transaction is aborted, commands ignored until end of transaction block
STATEMENT:  INSERT INTO Distancia VALUES('RJ','RR',3428);
ERROR:  current transaction is aborted, commands ignored until end of transaction block
STATEMENT:  INSERT INTO Distancia VALUES('BA','RR',3009);
ERROR:  current transaction is aborted, commands ignored until end of transaction block
STATEMENT:  INSERT INTO Distancia VALUES('MA','RR',1913);
ERROR:  current transaction is aborted, commands ignored until end of transaction block
STATEMENT:  INSERT INTO Distancia VALUES('SP','RR',33);
ERROR:  current transaction is aborted, commands ignored until end of transaction block
STATEMENT:  INSERT INTO Distancia VALUES('PI','RR',2169);
ERROR:  current transaction is aborted, commands ignored until end of transaction block
STATEMENT:  INSERT INTO Distancia VALUES('ES','RR',3394);
ERROR:  current transaction is aborted, commands ignored until end of transaction block
STATEMENT:  INSERT INTO Distancia VALUES('DF','DF',0);
ERROR:  current transaction is aborted, commands ignored until end of transaction block
STATEMENT:  INSERT INTO Distancia VALUES('MS','DF',878);
ERROR:  current transaction is aborted, commands ignored until end of transaction block
STATEMENT:  INSERT INTO Distancia VALUES('MT','DF',873);
ERROR:  current transaction is aborted, commands ignored until end of transaction block
STATEMENT:  INSERT INTO Distancia VALUES('PR','DF',1081);
ERROR:  current transaction is aborted, commands ignored until end of transaction block
STATEMENT:  INSERT INTO Distancia VALUES('SC','DF',1314);
ERROR:  current transaction is aborted, commands ignored until end of transaction block
STATEMENT:  INSERT INTO Distancia VALUES('CE','DF',1687);
ERROR:  current transaction is aborted, commands ignored until end of transaction block
STATEMENT:  INSERT INTO Distancia VALUES('GO','DF',173);
ERROR:  current transaction is aborted, commands ignored until end of transaction block
STATEMENT:  INSERT INTO Distancia VALUES('PB','DF',1716);
ERROR:  current transaction is aborted, commands ignored until end of transaction block
STATEMENT:  INSERT INTO Distancia VALUES('AP','DF',1791);
ERROR:  current transaction is aborted, commands ignored until end of transaction block
STATEMENT:  INSERT INTO Distancia VALUES('AL','DF',1485);
ERROR:  current transaction is aborted, commands ignored until end of transaction block
STATEMENT:  INSERT INTO Distancia VALUES('AM','DF',1932);
ERROR:  current transaction is aborted, commands ignored until end of transaction block
STATEMENT:  INSERT INTO Distancia VALUES('RN','DF',1775);
ERROR:  current transaction is aborted, commands ignored until end of transaction block
STATEMENT:  INSERT INTO Distancia VALUES('TO','DF',620);
ERROR:  current transaction is aborted, commands ignored until end of transaction block
STATEMENT:  INSERT INTO Distancia VALUES('RS','DF',1619);
ERROR:  current transaction is aborted, commands ignored until end of transaction block
STATEMENT:  INSERT INTO Distancia VALUES('RO','DF',19);
ERROR:  current transaction is aborted, commands ignored until end of transaction block
STATEMENT:  INSERT INTO Distancia VALUES('PE','DF',1657);
ERROR:  current transaction is aborted, commands ignored until end of transaction block
STATEMENT:  INSERT INTO Distancia VALUES('AC','DF',2246);
ERROR:  current transaction is aborted, commands ignored until end of transaction block
STATEMENT:  INSERT INTO Distancia VALUES('RJ','DF',933);
ERROR:  current transaction is aborted, commands ignored until end of transaction block
STATEMENT:  INSERT INTO Distancia VALUES('BA','DF',106);
ERROR:  current transaction is aborted, commands ignored until end of transaction block
STATEMENT:  INSERT INTO Distancia VALUES('MA','DF',1524);
ERROR:  current transaction is aborted, commands ignored until end of transaction block
STATEMENT:  INSERT INTO Distancia VALUES('SP','DF',873);
ERROR:  current transaction is aborted, commands ignored until end of transaction block
STATEMENT:  INSERT INTO Distancia VALUES('PI','DF',1313);
ERROR:  current transaction is aborted, commands ignored until end of transaction block
STATEMENT:  INSERT INTO Distancia VALUES('ES','DF',947);
ERROR:  current transaction is aborted, commands ignored until end of transaction block
STATEMENT:  INSERT INTO Distancia VALUES('MS','MS',0);
ERROR:  current transaction is aborted, commands ignored until end of transaction block
STATEMENT:  INSERT INTO Distancia VALUES('MT','MS',559);
ERROR:  current transaction is aborted, commands ignored until end of transaction block
STATEMENT:  INSERT INTO Distancia VALUES('PR','MS',780);
ERROR:  current transaction is aborted, commands ignored until end of transaction block
STATEMENT:  INSERT INTO Distancia VALUES('SC','MS',1007);
ERROR:  current transaction is aborted, commands ignored until end of transaction block
STATEMENT:  INSERT INTO Distancia VALUES('CE','MS',2547);
ERROR:  current transaction is aborted, commands ignored until end of transaction block
STATEMENT:  INSERT INTO Distancia VALUES('GO','MS',705);
ERROR:  current transaction is aborted, commands ignored until end of transaction block
STATEMENT:  INSERT INTO Distancia VALUES('PB','MS',2593);
ERROR:  current transaction is aborted, commands ignored until end of transaction block
STATEMENT:  INSERT INTO Distancia VALUES('AP','MS',2309);
ERROR:  current transaction is aborted, commands ignored until end of transaction block
STATEMENT:  INSERT INTO Distancia VALUES('AL','MS',2352);
ERROR:  current transaction is aborted, commands ignored until end of transaction block
STATEMENT:  INSERT INTO Distancia VALUES('AM','MS',2013);
ERROR:  current transaction is aborted, commands ignored until end of transaction block
STATEMENT:  INSERT INTO Distancia VALUES('RN','MS',2654);
ERROR:  current transaction is aborted, commands ignored until end of transaction block
STATEMENT:  INSERT INTO Distancia VALUES('TO','MS',132);
ERROR:  current transaction is aborted, commands ignored until end of transaction block
STATEMENT:  INSERT INTO Distancia VALUES('RS','MS',1119);
ERROR:  current transaction is aborted, commands ignored until end of transaction block
STATEMENT:  INSERT INTO Distancia VALUES('RO','MS',1634);
ERROR:  current transaction is aborted, commands ignored until end of transaction block
STATEMENT:  INSERT INTO Distancia VALUES('PE','MS',253);
ERROR:  current transaction is aborted, commands ignored until end of transaction block
STATEMENT:  INSERT INTO Distancia VALUES('AC','MS',1827);
ERROR:  current transaction is aborted, commands ignored until end of transaction block
STATEMENT:  INSERT INTO Distancia VALUES('RJ','MS',1212);
ERROR:  current transaction is aborted, commands ignored until end of transaction block
STATEMENT:  INSERT INTO Distancia VALUES('BA','MS',1905);
ERROR:  current transaction is aborted, commands ignored until end of transaction block
STATEMENT:  INSERT INTO Distancia VALUES('MA','MS',2284);
ERROR:  current transaction is aborted, commands ignored until end of transaction block
STATEMENT:  INSERT INTO Distancia VALUES('SP','MS',894);
ERROR:  current transaction is aborted, commands ignored until end of transaction block
STATEMENT:  INSERT INTO Distancia VALUES('PI','MS',2132);
ERROR:  current transaction is aborted, commands ignored until end of transaction block
STATEMENT:  INSERT INTO Distancia VALUES('ES','MS',149);
ERROR:  current transaction is aborted, commands ignored until end of transaction block
STATEMENT:  INSERT INTO Distancia VALUES('MT','MT',0);
ERROR:  current transaction is aborted, commands ignored until end of transaction block
STATEMENT:  INSERT INTO Distancia VALUES('PR','MT',1302);
ERROR:  current transaction is aborted, commands ignored until end of transaction block
STATEMENT:  INSERT INTO Distancia VALUES('SC','MT',1543);
ERROR:  current transaction is aborted, commands ignored until end of transaction block
STATEMENT:  INSERT INTO Distancia VALUES('CE','MT',2329);
ERROR:  current transaction is aborted, commands ignored until end of transaction block
STATEMENT:  INSERT INTO Distancia VALUES('GO','MT',740);
ERROR:  current transaction is aborted, commands ignored until end of transaction block
STATEMENT:  INSERT INTO Distancia VALUES('PB','MT',2495);
ERROR:  current transaction is aborted, commands ignored until end of transaction block
STATEMENT:  INSERT INTO Distancia VALUES('AP','MT',1822);
ERROR:  current transaction is aborted, commands ignored until end of transaction block
STATEMENT:  INSERT INTO Distancia VALUES('AL','MT',2302);
ERROR:  current transaction is aborted, commands ignored until end of transaction block
STATEMENT:  INSERT INTO Distancia VALUES('AM','MT',1453);
ERROR:  current transaction is aborted, commands ignored until end of transaction block
STATEMENT:  INSERT INTO Distancia VALUES('RN','MT',2524);
ERROR:  current transaction is aborted, commands ignored until end of transaction block
STATEMENT:  INSERT INTO Distancia VALUES('TO','MT',1029);
ERROR:  current transaction is aborted, commands ignored until end of transaction block
STATEMENT:  INSERT INTO Distancia VALUES('RS','MT',1679);
ERROR:  current transaction is aborted, commands ignored until end of transaction block
STATEMENT:  INSERT INTO Distancia VALUES('RO','MT',1137);
ERROR:  current transaction is aborted, commands ignored until end of transaction block
STATEMENT:  INSERT INTO Distancia VALUES('PE','MT',2452);
ERROR:  current transaction is aborted, commands ignored until end of transaction block
STATEMENT:  INSERT INTO Distancia VALUES('AC','MT',1414);
ERROR:  current transaction is aborted, commands ignored until end of transaction block
STATEMENT:  INSERT INTO Distancia VALUES('RJ','MT',1575);
ERROR:  current transaction is aborted, commands ignored until end of transaction block
STATEMENT:  INSERT INTO Distancia VALUES('BA','MT',1915);
ERROR:  current transaction is aborted, commands ignored until end of transaction block
STATEMENT:  INSERT INTO Distancia VALUES('MA','MT',1942);
ERROR:  current transaction is aborted, commands ignored until end of transaction block
STATEMENT:  INSERT INTO Distancia VALUES('SP','MT',1326);
ERROR:  current transaction is aborted, commands ignored until end of transaction block
STATEMENT:  INSERT INTO Distancia VALUES('PI','MT',1862);
ERROR:  current transaction is aborted, commands ignored until end of transaction block
STATEMENT:  INSERT INTO Distancia VALUES('ES','MT',1745);
ERROR:  current transaction is aborted, commands ignored until end of transaction block
STATEMENT:  INSERT INTO Distancia VALUES('PR','PR',0);
ERROR:  current transaction is aborted, commands ignored until end of transaction block
STATEMENT:  INSERT INTO Distancia VALUES('SC','PR',251);
ERROR:  current transaction is aborted, commands ignored until end of transaction block
STATEMENT:  INSERT INTO Distancia VALUES('CE','PR',2671);
ERROR:  current transaction is aborted, commands ignored until end of transaction block
STATEMENT:  INSERT INTO Distancia VALUES('GO','PR',972);
ERROR:  current transaction is aborted, commands ignored until end of transaction block
STATEMENT:  INSERT INTO Distancia VALUES('PB','PR',2545);
ERROR:  current transaction is aborted, commands ignored until end of transaction block
STATEMENT:  INSERT INTO Distancia VALUES('AP','PR',2836);
ERROR:  current transaction is aborted, commands ignored until end of transaction block
STATEMENT:  INSERT INTO Distancia VALUES('AL','PR',2259);
ERROR:  current transaction is aborted, commands ignored until end of transaction block
STATEMENT:  INSERT INTO Distancia VALUES('AM','PR',2734);
ERROR:  current transaction is aborted, commands ignored until end of transaction block
STATEMENT:  INSERT INTO Distancia VALUES('RN','PR',2645);
ERROR:  current transaction is aborted, commands ignored until end of transaction block
STATEMENT:  INSERT INTO Distancia VALUES('TO','PR',1693);
ERROR:  current transaction is aborted, commands ignored until end of transaction block
STATEMENT:  INSERT INTO Distancia VALUES('RS','PR',546);
ERROR:  current transaction is aborted, commands ignored until end of transaction block
STATEMENT:  INSERT INTO Distancia VALUES('RO','PR',2412);
ERROR:  current transaction is aborted, commands ignored until end of transaction block
STATEMENT:  INSERT INTO Distancia VALUES('PE','PR',2459);
ERROR:  current transaction is aborted, commands ignored until end of transaction block
STATEMENT:  INSERT INTO Distancia VALUES('AC','PR',2601);
ERROR:  current transaction is aborted, commands ignored until end of transaction block
STATEMENT:  INSERT INTO Distancia VALUES('RJ','PR',675);
ERROR:  current transaction is aborted, commands ignored until end of transaction block
STATEMENT:  INSERT INTO Distancia VALUES('BA','PR',1784);
ERROR:  current transaction is aborted, commands ignored until end of transaction block
STATEMENT:  INSERT INTO Distancia VALUES('MA','PR',2599);
ERROR:  current transaction is aborted, commands ignored until end of transaction block
STATEMENT:  INSERT INTO Distancia VALUES('SP','PR',338);
ERROR:  current transaction is aborted, commands ignored until end of transaction block
STATEMENT:  INSERT INTO Distancia VALUES('PI','PR',2362);
ERROR:  current transaction is aborted, commands ignored until end of transaction block
STATEMENT:  INSERT INTO Distancia VALUES('ES','PR',1076);
ERROR:  current transaction is aborted, commands ignored until end of transaction block
STATEMENT:  INSERT INTO Distancia VALUES('SC','SC',0);
ERROR:  current transaction is aborted, commands ignored until end of transaction block
STATEMENT:  INSERT INTO Distancia VALUES('CE','SC',2857);
ERROR:  current transaction is aborted, commands ignored until end of transaction block
STATEMENT:  INSERT INTO Distancia VALUES('GO','SC',1215);
ERROR:  current transaction is aborted, commands ignored until end of transaction block
STATEMENT:  INSERT INTO Distancia VALUES('PB','SC',2693);
ERROR:  current transaction is aborted, commands ignored until end of transaction block
STATEMENT:  INSERT INTO Distancia VALUES('AP','SC',3082);
ERROR:  current transaction is aborted, commands ignored until end of transaction block
STATEMENT:  INSERT INTO Distancia VALUES('AL','SC',2402);
ERROR:  current transaction is aborted, commands ignored until end of transaction block
STATEMENT:  INSERT INTO Distancia VALUES('AM','SC',2981);
ERROR:  current transaction is aborted, commands ignored until end of transaction block
STATEMENT:  INSERT INTO Distancia VALUES('RN','SC',2802);
ERROR:  current transaction is aborted, commands ignored until end of transaction block
STATEMENT:  INSERT INTO Distancia VALUES('TO','SC',1931);
ERROR:  current transaction is aborted, commands ignored until end of transaction block
STATEMENT:  INSERT INTO Distancia VALUES('RS','SC',376);
ERROR:  current transaction is aborted, commands ignored until end of transaction block
STATEMENT:  INSERT INTO Distancia VALUES('RO','SC',2641);
ERROR:  current transaction is aborted, commands ignored until end of transaction block
STATEMENT:  INSERT INTO Distancia VALUES('PE','SC',2603);
ERROR:  current transaction is aborted, commands ignored until end of transaction block
STATEMENT:  INSERT INTO Distancia VALUES('AC','SC',2809);
ERROR:  current transaction is aborted, commands ignored until end of transaction block
STATEMENT:  INSERT INTO Distancia VALUES('RJ','SC',748);
ERROR:  current transaction is aborted, commands ignored until end of transaction block
STATEMENT:  INSERT INTO Distancia VALUES('BA','SC',193);
ERROR:  current transaction is aborted, commands ignored until end of transaction block
STATEMENT:  INSERT INTO Distancia VALUES('MA','SC',2821);
ERROR:  current transaction is aborted, commands ignored until end of transaction block
STATEMENT:  INSERT INTO Distancia VALUES('SP','SC',489);
ERROR:  current transaction is aborted, commands ignored until end of transaction block
STATEMENT:  INSERT INTO Distancia VALUES('PI','SC',2573);
ERROR:  current transaction is aborted, commands ignored until end of transaction block
STATEMENT:  INSERT INTO Distancia VALUES('ES','SC',116);
ERROR:  current transaction is aborted, commands ignored until end of transaction block
STATEMENT:  INSERT INTO Distancia VALUES('CE','CE',0);
ERROR:  current transaction is aborted, commands ignored until end of transaction block
STATEMENT:  INSERT INTO Distancia VALUES('GO','CE',1854);
ERROR:  current transaction is aborted, commands ignored until end of transaction block
STATEMENT:  INSERT INTO Distancia VALUES('PB','CE',555);
ERROR:  current transaction is aborted, commands ignored until end of transaction block
STATEMENT:  INSERT INTO Distancia VALUES('AP','CE',1451);
ERROR:  current transaction is aborted, commands ignored until end of transaction block
STATEMENT:  INSERT INTO Distancia VALUES('AL','CE',730);
ERROR:  current transaction is aborted, commands ignored until end of transaction block
STATEMENT:  INSERT INTO Distancia VALUES('AM','CE',2383);
ERROR:  current transaction is aborted, commands ignored until end of transaction block
STATEMENT:  INSERT INTO Distancia VALUES('RN','CE',435);
ERROR:  current transaction is aborted, commands ignored until end of transaction block
STATEMENT:  INSERT INTO Distancia VALUES('TO','CE',1311);
ERROR:  current transaction is aborted, commands ignored until end of transaction block
STATEMENT:  INSERT INTO Distancia VALUES('RS','CE',3213);
ERROR:  current transaction is aborted, commands ignored until end of transaction block
STATEMENT:  INSERT INTO Distancia VALUES('RO','CE',2855);
ERROR:  current transaction is aborted, commands ignored until end of transaction block
STATEMENT:  INSERT INTO Distancia VALUES('PE','CE',629);
ERROR:  current transaction is aborted, commands ignored until end of transaction block
STATEMENT:  INSERT INTO Distancia VALUES('AC','CE',33);
ERROR:  current transaction is aborted, commands ignored until end of transaction block
STATEMENT:  INSERT INTO Distancia VALUES('RJ','CE',219);
ERROR:  current transaction is aborted, commands ignored until end of transaction block
STATEMENT:  INSERT INTO Distancia VALUES('BA','CE',1028);
ERROR:  current transaction is aborted, commands ignored until end of transaction block
STATEMENT:  INSERT INTO Distancia VALUES('MA','CE',652);
ERROR:  current transaction is aborted, commands ignored until end of transaction block
STATEMENT:  INSERT INTO Distancia VALUES('SP','CE',2368);
ERROR:  current transaction is aborted, commands ignored until end of transaction block
STATEMENT:  INSERT INTO Distancia VALUES('PI','CE',495);
ERROR:  current transaction is aborted, commands ignored until end of transaction block
STATEMENT:  INSERT INTO Distancia VALUES('ES','CE',1855);
ERROR:  current transaction is aborted, commands ignored until end of transaction block
STATEMENT:  INSERT INTO Distancia VALUES('GO','GO',0);
ERROR:  current transaction is aborted, commands ignored until end of transaction block
STATEMENT:  INSERT INTO Distancia VALUES('PB','GO',1889);
ERROR:  current transaction is aborted, commands ignored until end of transaction block
STATEMENT:  INSERT INTO Distancia VALUES('AP','GO',1868);
ERROR:  current transaction is aborted, commands ignored until end of transaction block
STATEMENT:  INSERT INTO Distancia VALUES('AL','GO',1656);
ERROR:  current transaction is aborted, commands ignored until end of transaction block
STATEMENT:  INSERT INTO Distancia VALUES('AM','GO',1912);
ERROR:  current transaction is aborted, commands ignored until end of transaction block
STATEMENT:  INSERT INTO Distancia VALUES('RN','GO',1948);
ERROR:  current transaction is aborted, commands ignored until end of transaction block
STATEMENT:  INSERT INTO Distancia VALUES('TO','GO',724);
ERROR:  current transaction is aborted, commands ignored until end of transaction block
STATEMENT:  INSERT INTO Distancia VALUES('RS','GO',1497);
ERROR:  current transaction is aborted, commands ignored until end of transaction block
STATEMENT:  INSERT INTO Distancia VALUES('RO','GO',1813);
ERROR:  current transaction is aborted, commands ignored until end of transaction block
STATEMENT:  INSERT INTO Distancia VALUES('PE','GO',1829);
ERROR:  current transaction is aborted, commands ignored until end of transaction block
STATEMENT:  INSERT INTO Distancia VALUES('AC','GO',2138);
ERROR:  current transaction is aborted, commands ignored until end of transaction block
STATEMENT:  INSERT INTO Distancia VALUES('RJ','GO',936);
ERROR:  current transaction is aborted, commands ignored until end of transaction block
STATEMENT:  INSERT INTO Distancia VALUES('BA','GO',1225);
ERROR:  current transaction is aborted, commands ignored until end of transaction block
STATEMENT:  INSERT INTO Distancia VALUES('MA','GO',1662);
ERROR:  current transaction is aborted, commands ignored until end of transaction block
STATEMENT:  INSERT INTO Distancia VALUES('SP','GO',810);
ERROR:  current transaction is aborted, commands ignored until end of transaction block
STATEMENT:  INSERT INTO Distancia VALUES('PI','GO',1467);
ERROR:  current transaction is aborted, commands ignored until end of transaction block
STATEMENT:  INSERT INTO Distancia VALUES('ES','GO',1022);
ERROR:  current transaction is aborted, commands ignored until end of transaction block
STATEMENT:  INSERT INTO Distancia VALUES('PB','PB',0);
ERROR:  current transaction is aborted, commands ignored until end of transaction block
STATEMENT:  INSERT INTO Distancia VALUES('AP','PB',1964);
ERROR:  current transaction is aborted, commands ignored until end of transaction block
STATEMENT:  INSERT INTO Distancia VALUES('AL','PB',299);
ERROR:  current transaction is aborted, commands ignored until end of transaction block
STATEMENT:  INSERT INTO Distancia VALUES('AM','PB',2819);
ERROR:  current transaction is aborted, commands ignored until end of transaction block
STATEMENT:  INSERT INTO Distancia VALUES('RN','PB',151);
ERROR:  current transaction is aborted, commands ignored until end of transaction block
STATEMENT:  INSERT INTO Distancia VALUES('TO','PB',1521);
ERROR:  current transaction is aborted, commands ignored until end of transaction block
STATEMENT:  INSERT INTO Distancia VALUES('RS','PB',3066);
ERROR:  current transaction is aborted, commands ignored until end of transaction block
STATEMENT:  INSERT INTO Distancia VALUES('RO','PB',32);
ERROR:  current transaction is aborted, commands ignored until end of transaction block
STATEMENT:  INSERT INTO Distancia VALUES('PE','PB',104);
ERROR:  current transaction is aborted, commands ignored until end of transaction block
STATEMENT:  INSERT INTO Distancia VALUES('AC','PB',3632);
ERROR:  current transaction is aborted, commands ignored until end of transaction block
STATEMENT:  INSERT INTO Distancia VALUES('RJ','PB',1968);
ERROR:  current transaction is aborted, commands ignored until end of transaction block
STATEMENT:  INSERT INTO Distancia VALUES('BA','PB',763);
ERROR:  current transaction is aborted, commands ignored until end of transaction block
STATEMENT:  INSERT INTO Distancia VALUES('MA','PB',1162);
ERROR:  current transaction is aborted, commands ignored until end of transaction block
STATEMENT:  INSERT INTO Distancia VALUES('SP','PB',2216);
ERROR:  current transaction is aborted, commands ignored until end of transaction block
STATEMENT:  INSERT INTO Distancia VALUES('PI','PB',905);
ERROR:  current transaction is aborted, commands ignored until end of transaction block
STATEMENT:  INSERT INTO Distancia VALUES('ES','PB',1581);
ERROR:  current transaction is aborted, commands ignored until end of transaction block
STATEMENT:  INSERT INTO Distancia VALUES('AP','AP',0);
ERROR:  current transaction is aborted, commands ignored until end of transaction block
STATEMENT:  INSERT INTO Distancia VALUES('AL','AP',2009);
ERROR:  current transaction is aborted, commands ignored until end of transaction block
STATEMENT:  INSERT INTO Distancia VALUES('AM','AP',1054);
ERROR:  current transaction is aborted, commands ignored until end of transaction block
STATEMENT:  INSERT INTO Distancia VALUES('RN','AP',1874);
ERROR:  current transaction is aborted, commands ignored until end of transaction block
STATEMENT:  INSERT INTO Distancia VALUES('TO','AP',1177);
ERROR:  current transaction is aborted, commands ignored until end of transaction block
STATEMENT:  INSERT INTO Distancia VALUES('RS','AP',3341);
ERROR:  current transaction is aborted, commands ignored until end of transaction block
STATEMENT:  INSERT INTO Distancia VALUES('RO','AP',1724);
ERROR:  current transaction is aborted, commands ignored until end of transaction block
STATEMENT:  INSERT INTO Distancia VALUES('PE','AP',2005);
ERROR:  current transaction is aborted, commands ignored until end of transaction block
STATEMENT:  INSERT INTO Distancia VALUES('AC','AP',2159);
ERROR:  current transaction is aborted, commands ignored until end of transaction block
STATEMENT:  INSERT INTO Distancia VALUES('RJ','AP',2687);
ERROR:  current transaction is aborted, commands ignored until end of transaction block
STATEMENT:  INSERT INTO Distancia VALUES('BA','AP',2);
ERROR:  current transaction is aborted, commands ignored until end of transaction block
STATEMENT:  INSERT INTO Distancia VALUES('MA','AP',803);
ERROR:  current transaction is aborted, commands ignored until end of transaction block
STATEMENT:  INSERT INTO Distancia VALUES('SP','AP',2664);
ERROR:  current transaction is aborted, commands ignored until end of transaction block
STATEMENT:  INSERT INTO Distancia VALUES('PI','AP',1079);
ERROR:  current transaction is aborted, commands ignored until end of transaction block
STATEMENT:  INSERT INTO Distancia VALUES('ES','AP',2545);
ERROR:  current transaction is aborted, commands ignored until end of transaction block
STATEMENT:  INSERT INTO Distancia VALUES('AL','AL',0);
ERROR:  current transaction is aborted, commands ignored until end of transaction block
STATEMENT:  INSERT INTO Distancia VALUES('AM','AL',2778);
ERROR:  current transaction is aborted, commands ignored until end of transaction block
STATEMENT:  INSERT INTO Distancia VALUES('RN','AL',434);
ERROR:  current transaction is aborted, commands ignored until end of transaction block
STATEMENT:  INSERT INTO Distancia VALUES('TO','AL',1383);
ERROR:  current transaction is aborted, commands ignored until end of transaction block
STATEMENT:  INSERT INTO Distancia VALUES('RS','AL',2775);
ERROR:  current transaction is aborted, commands ignored until end of transaction block
STATEMENT:  INSERT INTO Distancia VALUES('RO','AL',309);
ERROR:  current transaction is aborted, commands ignored until end of transaction block
STATEMENT:  INSERT INTO Distancia VALUES('PE','AL',202);
ERROR:  current transaction is aborted, commands ignored until end of transaction block
STATEMENT:  INSERT INTO Distancia VALUES('AC','AL',351);
ERROR:  current transaction is aborted, commands ignored until end of transaction block
STATEMENT:  INSERT INTO Distancia VALUES('RJ','AL',1671);
ERROR:  current transaction is aborted, commands ignored until end of transaction block
STATEMENT:  INSERT INTO Distancia VALUES('BA','AL',475);
ERROR:  current transaction is aborted, commands ignored until end of transaction block
STATEMENT:  INSERT INTO Distancia VALUES('MA','AL',1234);
ERROR:  current transaction is aborted, commands ignored until end of transaction block
STATEMENT:  INSERT INTO Distancia VALUES('SP','AL',1928);
ERROR:  current transaction is aborted, commands ignored until end of transaction block
STATEMENT:  INSERT INTO Distancia VALUES('PI','AL',929);
ERROR:  current transaction is aborted, commands ignored until end of transaction block
STATEMENT:  INSERT INTO Distancia VALUES('ES','AL',1282);
ERROR:  current transaction is aborted, commands ignored until end of transaction block
STATEMENT:  INSERT INTO Distancia VALUES('AM','AM',0);
ERROR:  current transaction is aborted, commands ignored until end of transaction block
STATEMENT:  INSERT INTO Distancia VALUES('RN','AM',2765);
ERROR:  current transaction is aborted, commands ignored until end of transaction block
STATEMENT:  INSERT INTO Distancia VALUES('TO','AM',1509);
ERROR:  current transaction is aborted, commands ignored until end of transaction block
STATEMENT:  INSERT INTO Distancia VALUES('RS','AM',3132);
ERROR:  current transaction is aborted, commands ignored until end of transaction block
STATEMENT:  INSERT INTO Distancia VALUES('RO','AM',761);
ERROR:  current transaction is aborted, commands ignored until end of transaction block
STATEMENT:  INSERT INTO Distancia VALUES('PE','AM',2833);
ERROR:  current transaction is aborted, commands ignored until end of transaction block
STATEMENT:  INSERT INTO Distancia VALUES('AC','AM',1149);
ERROR:  current transaction is aborted, commands ignored until end of transaction block
STATEMENT:  INSERT INTO Distancia VALUES('RJ','AM',2849);
ERROR:  current transaction is aborted, commands ignored until end of transaction block
STATEMENT:  INSERT INTO Distancia VALUES('BA','AM',2605);
ERROR:  current transaction is aborted, commands ignored until end of transaction block
STATEMENT:  INSERT INTO Distancia VALUES('MA','AM',1746);
ERROR:  current transaction is aborted, commands ignored until end of transaction block
STATEMENT:  INSERT INTO Distancia VALUES('SP','AM',2689);
ERROR:  current transaction is aborted, commands ignored until end of transaction block
STATEMENT:  INSERT INTO Distancia VALUES('PI','AM',1921);
ERROR:  current transaction is aborted, commands ignored until end of transaction block
STATEMENT:  INSERT INTO Distancia VALUES('ES','AM',2865);
ERROR:  current transaction is aborted, commands ignored until end of transaction block
STATEMENT:  INSERT INTO Distancia VALUES('RN','RN',0);
ERROR:  current transaction is aborted, commands ignored until end of transaction block
STATEMENT:  INSERT INTO Distancia VALUES('TO','RN',1527);
ERROR:  current transaction is aborted, commands ignored until end of transaction block
STATEMENT:  INSERT INTO Distancia VALUES('RS','RN',3172);
ERROR:  current transaction is aborted, commands ignored until end of transaction block
STATEMENT:  INSERT INTO Distancia VALUES('RO','RN',3179);
ERROR:  current transaction is aborted, commands ignored until end of transaction block
STATEMENT:  INSERT INTO Distancia VALUES('PE','RN',253);
ERROR:  current transaction is aborted, commands ignored until end of transaction block
STATEMENT:  INSERT INTO Distancia VALUES('AC','RN',3616);
ERROR:  current transaction is aborted, commands ignored until end of transaction block
STATEMENT:  INSERT INTO Distancia VALUES('RJ','RN',2085);
ERROR:  current transaction is aborted, commands ignored until end of transaction block
STATEMENT:  INSERT INTO Distancia VALUES('BA','RN',875);
ERROR:  current transaction is aborted, commands ignored until end of transaction block
STATEMENT:  INSERT INTO Distancia VALUES('MA','RN',1071);
ERROR:  current transaction is aborted, commands ignored until end of transaction block
STATEMENT:  INSERT INTO Distancia VALUES('SP','RN',232);
ERROR:  current transaction is aborted, commands ignored until end of transaction block
STATEMENT:  INSERT INTO Distancia VALUES('PI','RN',843);
ERROR:  current transaction is aborted, commands ignored until end of transaction block
STATEMENT:  INSERT INTO Distancia VALUES('ES','RN',1706);
ERROR:  current transaction is aborted, commands ignored until end of transaction block
STATEMENT:  INSERT INTO Distancia VALUES('TO','TO',0);
ERROR:  current transaction is aborted, commands ignored until end of transaction block
STATEMENT:  INSERT INTO Distancia VALUES('RS','TO',2222);
ERROR:  current transaction is aborted, commands ignored until end of transaction block
STATEMENT:  INSERT INTO Distancia VALUES('RO','TO',1711);
ERROR:  current transaction is aborted, commands ignored until end of transaction block
STATEMENT:  INSERT INTO Distancia VALUES('PE','TO',1498);
ERROR:  current transaction is aborted, commands ignored until end of transaction block
STATEMENT:  INSERT INTO Distancia VALUES('AC','TO',2127);
ERROR:  current transaction is aborted, commands ignored until end of transaction block
STATEMENT:  INSERT INTO Distancia VALUES('RJ','TO',1512);
ERROR:  current transaction is aborted, commands ignored until end of transaction block
STATEMENT:  INSERT INTO Distancia VALUES('BA','TO',1114);
ERROR:  current transaction is aborted, commands ignored until end of transaction block
STATEMENT:  INSERT INTO Distancia VALUES('MA','TO',964);
ERROR:  current transaction is aborted, commands ignored until end of transaction block
STATEMENT:  INSERT INTO Distancia VALUES('SP','TO',1493);
ERROR:  current transaction is aborted, commands ignored until end of transaction block
STATEMENT:  INSERT INTO Distancia VALUES('PI','TO',835);
ERROR:  current transaction is aborted, commands ignored until end of transaction block
STATEMENT:  INSERT INTO Distancia VALUES('ES','TO',1413);
ERROR:  current transaction is aborted, commands ignored until end of transaction block
STATEMENT:  INSERT INTO Distancia VALUES('RS','RS',0);
ERROR:  current transaction is aborted, commands ignored until end of transaction block
STATEMENT:  INSERT INTO Distancia VALUES('RO','RS',2706);
ERROR:  current transaction is aborted, commands ignored until end of transaction block
STATEMENT:  INSERT INTO Distancia VALUES('PE','RS',2977);
ERROR:  current transaction is aborted, commands ignored until end of transaction block
STATEMENT:  INSERT INTO Distancia VALUES('AC','RS',2814);
ERROR:  current transaction is aborted, commands ignored until end of transaction block
STATEMENT:  INSERT INTO Distancia VALUES('RJ','RS',1123);
ERROR:  current transaction is aborted, commands ignored until end of transaction block
STATEMENT:  INSERT INTO Distancia VALUES('BA','RS',2303);
ERROR:  current transaction is aborted, commands ignored until end of transaction block
STATEMENT:  INSERT INTO Distancia VALUES('MA','RS',3142);
ERROR:  current transaction is aborted, commands ignored until end of transaction block
STATEMENT:  INSERT INTO Distancia VALUES('SP','RS',852);
ERROR:  current transaction is aborted, commands ignored until end of transaction block
STATEMENT:  INSERT INTO Distancia VALUES('PI','RS',2909);
ERROR:  current transaction is aborted, commands ignored until end of transaction block
STATEMENT:  INSERT INTO Distancia VALUES('ES','RS',1536);
ERROR:  current transaction is aborted, commands ignored until end of transaction block
STATEMENT:  INSERT INTO Distancia VALUES('RO','RO',0);
ERROR:  current transaction is aborted, commands ignored until end of transaction block
STATEMENT:  INSERT INTO Distancia VALUES('PE','RO',3191);
ERROR:  current transaction is aborted, commands ignored until end of transaction block
STATEMENT:  INSERT INTO Distancia VALUES('AC','RO',449);
ERROR:  current transaction is aborted, commands ignored until end of transaction block
STATEMENT:  INSERT INTO Distancia VALUES('RJ','RO',2707);
ERROR:  current transaction is aborted, commands ignored until end of transaction block
STATEMENT:  INSERT INTO Distancia VALUES('BA','RO',2808);
ERROR:  current transaction is aborted, commands ignored until end of transaction block
STATEMENT:  INSERT INTO Distancia VALUES('MA','RO',2274);
ERROR:  current transaction is aborted, commands ignored until end of transaction block
STATEMENT:  INSERT INTO Distancia VALUES('SP','RO',2463);
ERROR:  current transaction is aborted, commands ignored until end of transaction block
STATEMENT:  INSERT INTO Distancia VALUES('PI','RO',2362);
ERROR:  current transaction is aborted, commands ignored until end of transaction block
STATEMENT:  INSERT INTO Distancia VALUES('ES','RO',2835);
ERROR:  current transaction is aborted, commands ignored until end of transaction block
STATEMENT:  INSERT INTO Distancia VALUES('PE','PE',0);
ERROR:  current transaction is aborted, commands ignored until end of transaction block
STATEMENT:  INSERT INTO Distancia VALUES('AC','PE',3618);
ERROR:  current transaction is aborted, commands ignored until end of transaction block
STATEMENT:  INSERT INTO Distancia VALUES('RJ','PE',1874);
ERROR:  current transaction is aborted, commands ignored until end of transaction block
STATEMENT:  INSERT INTO Distancia VALUES('BA','PE',675);
ERROR:  current transaction is aborted, commands ignored until end of transaction block
STATEMENT:  INSERT INTO Distancia VALUES('MA','PE',1209);
ERROR:  current transaction is aborted, commands ignored until end of transaction block
STATEMENT:  INSERT INTO Distancia VALUES('SP','PE',2128);
ERROR:  current transaction is aborted, commands ignored until end of transaction block
STATEMENT:  INSERT INTO Distancia VALUES('PI','PE',934);
ERROR:  current transaction is aborted, commands ignored until end of transaction block
STATEMENT:  INSERT INTO Distancia VALUES('ES','PE',1483);
ERROR:  current transaction is aborted, commands ignored until end of transaction block
STATEMENT:  INSERT INTO Distancia VALUES('AC','AC',0);
ERROR:  current transaction is aborted, commands ignored until end of transaction block
STATEMENT:  INSERT INTO Distancia VALUES('RJ','AC',2982);
ERROR:  current transaction is aborted, commands ignored until end of transaction block
STATEMENT:  INSERT INTO Distancia VALUES('BA','AC',3206);
ERROR:  current transaction is aborted, commands ignored until end of transaction block
STATEMENT:  INSERT INTO Distancia VALUES('MA','AC',2726);
ERROR:  current transaction is aborted, commands ignored until end of transaction block
STATEMENT:  INSERT INTO Distancia VALUES('SP','AC',2704);
ERROR:  current transaction is aborted, commands ignored until end of transaction block
STATEMENT:  INSERT INTO Distancia VALUES('PI','AC',2806);
ERROR:  current transaction is aborted, commands ignored until end of transaction block
STATEMENT:  INSERT INTO Distancia VALUES('ES','AC',3156);
ERROR:  current transaction is aborted, commands ignored until end of transaction block
STATEMENT:  INSERT INTO Distancia VALUES('RJ','RJ',0);
ERROR:  current transaction is aborted, commands ignored until end of transaction block
STATEMENT:  INSERT INTO Distancia VALUES('BA','RJ',1209);
ERROR:  current transaction is aborted, commands ignored until end of transaction block
STATEMENT:  INSERT INTO Distancia VALUES('MA','RJ',2266);
ERROR:  current transaction is aborted, commands ignored until end of transaction block
STATEMENT:  INSERT INTO Distancia VALUES('SP','RJ',357);
ERROR:  current transaction is aborted, commands ignored until end of transaction block
STATEMENT:  INSERT INTO Distancia VALUES('PI','RJ',1979);
ERROR:  current transaction is aborted, commands ignored until end of transaction block
STATEMENT:  INSERT INTO Distancia VALUES('ES','RJ',412);
ERROR:  current transaction is aborted, commands ignored until end of transaction block
STATEMENT:  INSERT INTO Distancia VALUES('BA','BA',0);
ERROR:  current transaction is aborted, commands ignored until end of transaction block
STATEMENT:  INSERT INTO Distancia VALUES('MA','BA',1323);
ERROR:  current transaction is aborted, commands ignored until end of transaction block
STATEMENT:  INSERT INTO Distancia VALUES('SP','BA',1453);
ERROR:  current transaction is aborted, commands ignored until end of transaction block
STATEMENT:  INSERT INTO Distancia VALUES('PI','BA',994);
ERROR:  current transaction is aborted, commands ignored until end of transaction block
STATEMENT:  INSERT INTO Distancia VALUES('ES','BA',839);
ERROR:  current transaction is aborted, commands ignored until end of transaction block
STATEMENT:  INSERT INTO Distancia VALUES('MA','MA',0);
ERROR:  current transaction is aborted, commands ignored until end of transaction block
STATEMENT:  INSERT INTO Distancia VALUES('SP','MA',2348);
ERROR:  current transaction is aborted, commands ignored until end of transaction block
STATEMENT:  INSERT INTO Distancia VALUES('PI','MA',329);
ERROR:  current transaction is aborted, commands ignored until end of transaction block
STATEMENT:  INSERT INTO Distancia VALUES('ES','MA',2023);
ERROR:  current transaction is aborted, commands ignored until end of transaction block
STATEMENT:  INSERT INTO Distancia VALUES('SP','SP',0);
ERROR:  current transaction is aborted, commands ignored until end of transaction block
STATEMENT:  INSERT INTO Distancia VALUES('PI','SP',2091);
ERROR:  current transaction is aborted, commands ignored until end of transaction block
STATEMENT:  INSERT INTO Distancia VALUES('ES','SP',741);
ERROR:  current transaction is aborted, commands ignored until end of transaction block
STATEMENT:  INSERT INTO Distancia VALUES('PI','PI',0);
ERROR:  current transaction is aborted, commands ignored until end of transaction block
STATEMENT:  INSERT INTO Distancia VALUES('ES','PI',1713);
ERROR:  current transaction is aborted, commands ignored until end of transaction block
STATEMENT:  INSERT INTO Distancia VALUES('ES','ES',0);
ERROR:  current transaction is aborted, commands ignored until end of transaction block
STATEMENT:  CREATE TABLE Chaves (api_key VARCHAR(36), owner_name VARCHAR(30));
ERROR:  current transaction is aborted, commands ignored until end of transaction block
STATEMENT:  INSERT INTO Chaves VALUES('1a597a3d-8b4a-4b54-99c3-f1a2eabdb2ff','ROOT');
ERROR:  current transaction is aborted, commands ignored until end of transaction block
STATEMENT:  INSERT INTO Chaves VALUES('b5fa7551-226b-5568-b81d-5bb9603b3dbc','Logistica');
ERROR:  current transaction is aborted, commands ignored until end of transaction block
STATEMENT:  INSERT INTO Chaves VALUES('3b8e8f59-6425-5b97-acc5-6fda92b7ada0','Central de Atendimento');
ERROR:  current transaction is aborted, commands ignored until end of transaction block
STATEMENT:  INSERT INTO Chaves VALUES('daf7871b-25fe-5a30-b9e6-436e74a1b0ed','Pagamentos');
ERROR:  current transaction is aborted, commands ignored until end of transaction block
STATEMENT:  INSERT INTO Chaves VALUES('b09f7e40-36a7-5c00-9d62-84112b847952','Credito');
ERROR:  current transaction is aborted, commands ignored until end of transaction block
STATEMENT:  INSERT INTO Chaves VALUES('1d9e536e-44cd-56e3-838c-a9622a812ab4','Endereco');
ERROR:  current transaction is aborted, commands ignored until end of transaction block
STATEMENT:  INSERT INTO Chaves VALUES('5cb22f60-b3c4-5db8-9c39-b7b49bb8afce','Clientes 1');
ERROR:  current transaction is aborted, commands ignored until end of transaction block
STATEMENT:  INSERT INTO Chaves VALUES('d52bede3-88f0-568f-a71b-4f2a9ea6323a','Clientes 2');
ERROR:  current transaction is aborted, commands ignored until end of transaction block
STATEMENT:  INSERT INTO Chaves VALUES('947682d1-7093-596e-9829-90a1845dc8a5','Produtos 1');
ERROR:  current transaction is aborted, commands ignored until end of transaction block
STATEMENT:  INSERT INTO Chaves VALUES('49205cc1-a2f0-5410-9580-605cab4d4bcf','Produtos 2');
ERROR:  current transaction is aborted, commands ignored until end of transaction block
STATEMENT:  INSERT INTO Chaves VALUES('17b8e5f4-5fb6-593c-bf02-cdf57eab0c69','Testes');
ERROR:  duplicate key value violates unique constraint "historico_pkey"
DETAIL:  Key (id)=(2) already exists.
STATEMENT:  INSERT INTO Historico values(DEFAULT,$1,$2,$3,$4,$5)
ERROR:  syntax error at or near "setval" at character 1
STATEMENT:  setval('Historico_id_seq', 6);
LOG:  received fast shutdown request
LOG:  aborting any active transactions
FATAL:  terminating connection due to administrator command
LOG:  autovacuum launcher shutting down
LOG:  shutting down
LOG:  database system is shut down
LOG:  database system was shut down at 2018-05-18 17:29:35 -03
LOG:  MultiXact member wraparound protections are now enabled
LOG:  autovacuum launcher started
LOG:  database system is ready to accept connections
LOG:  incomplete startup packet
LOG:  incomplete startup packet
LOG:  incomplete startup packet
LOG:  incomplete startup packet
LOG:  incomplete startup packet
LOG:  incomplete startup packet
LOG:  incomplete startup packet
LOG:  incomplete startup packet
LOG:  incomplete startup packet
LOG:  incomplete startup packet
LOG:  incomplete startup packet
LOG:  incomplete startup packet
LOG:  received fast shutdown request
LOG:  aborting any active transactions
LOG:  autovacuum launcher shutting down
FATAL:  terminating connection due to administrator command
LOG:  shutting down
LOG:  database system is shut down
